  Source.cpp
C:\Users\saqui\source\repos\Dopa\Dopa\Source.cpp(153,20): warning C4244: '=': conversion from 'double' to 'GLfloat', possible loss of data
C:\Users\saqui\source\repos\Dopa\Dopa\Source.cpp(154,20): warning C4244: '=': conversion from 'double' to 'GLfloat', possible loss of data
C:\Users\saqui\source\repos\Dopa\Dopa\Source.cpp(161,23): warning C4244: '=': conversion from 'double' to 'GLfloat', possible loss of data
C:\Users\saqui\source\repos\Dopa\Dopa\Source.cpp(162,23): warning C4244: '=': conversion from 'double' to 'GLfloat', possible loss of data
C:\Users\saqui\source\repos\Dopa\Dopa\Source.cpp(165,21): warning C4244: '=': conversion from 'double' to 'GLfloat', possible loss of data
C:\Users\saqui\source\repos\Dopa\Dopa\Source.cpp(175,25): warning C4244: 'return': conversion from 'double' to 'GLfloat', possible loss of data
C:\Users\saqui\source\repos\Dopa\Dopa\Source.cpp(176,35): warning C4244: 'return': conversion from 'double' to 'GLfloat', possible loss of data
C:\Users\saqui\source\repos\Dopa\Dopa\Source.cpp(474,23): warning C4244: '=': conversion from 'double' to 'GLfloat', possible loss of data
C:\Users\saqui\source\repos\Dopa\Dopa\Source.cpp(475,23): warning C4244: '=': conversion from 'double' to 'GLfloat', possible loss of data
C:\Users\saqui\source\repos\Dopa\Dopa\Source.cpp(477,27): warning C4244: '=': conversion from 'double' to 'GLfloat', possible loss of data
C:\Users\saqui\source\repos\Dopa\Dopa\Source.cpp(486,30): warning C4244: '=': conversion from 'double' to 'GLfloat', possible loss of data
C:\Users\saqui\source\repos\Dopa\Dopa\Source.cpp(487,60): warning C4244: 'argument': conversion from 'double' to 'GLfloat', possible loss of data
C:\Users\saqui\source\repos\Dopa\Dopa\Source.cpp(487,40): warning C4244: 'argument': conversion from 'double' to 'GLfloat', possible loss of data
C:\Users\saqui\source\repos\Dopa\Dopa\Source.cpp(487,23): warning C4244: 'argument': conversion from 'double' to 'GLfloat', possible loss of data
C:\Users\saqui\source\repos\Dopa\Dopa\Source.cpp(488,60): warning C4244: 'argument': conversion from 'double' to 'GLfloat', possible loss of data
C:\Users\saqui\source\repos\Dopa\Dopa\Source.cpp(488,40): warning C4244: 'argument': conversion from 'double' to 'GLfloat', possible loss of data
C:\Users\saqui\source\repos\Dopa\Dopa\Source.cpp(488,23): warning C4244: 'argument': conversion from 'double' to 'GLfloat', possible loss of data
C:\Users\saqui\source\repos\Dopa\Dopa\Source.cpp(489,60): warning C4244: 'argument': conversion from 'double' to 'GLfloat', possible loss of data
C:\Users\saqui\source\repos\Dopa\Dopa\Source.cpp(489,40): warning C4244: 'argument': conversion from 'double' to 'GLfloat', possible loss of data
C:\Users\saqui\source\repos\Dopa\Dopa\Source.cpp(489,23): warning C4244: 'argument': conversion from 'double' to 'GLfloat', possible loss of data
C:\Users\saqui\source\repos\Dopa\Dopa\Source.cpp(490,78): warning C4244: 'argument': conversion from 'double' to 'GLfloat', possible loss of data
C:\Users\saqui\source\repos\Dopa\Dopa\Source.cpp(490,49): warning C4244: 'argument': conversion from 'double' to 'GLfloat', possible loss of data
C:\Users\saqui\source\repos\Dopa\Dopa\Source.cpp(490,23): warning C4244: 'argument': conversion from 'double' to 'GLfloat', possible loss of data
C:\Users\saqui\source\repos\Dopa\Dopa\Source.cpp(496,27): warning C4244: '=': conversion from 'double' to 'GLfloat', possible loss of data
C:\Users\saqui\source\repos\Dopa\Dopa\Source.cpp(498,30): warning C4244: '=': conversion from 'double' to 'GLfloat', possible loss of data
C:\Users\saqui\source\repos\Dopa\Dopa\Source.cpp(500,60): warning C4244: 'argument': conversion from 'double' to 'GLfloat', possible loss of data
C:\Users\saqui\source\repos\Dopa\Dopa\Source.cpp(500,40): warning C4244: 'argument': conversion from 'double' to 'GLfloat', possible loss of data
C:\Users\saqui\source\repos\Dopa\Dopa\Source.cpp(500,23): warning C4244: 'argument': conversion from 'double' to 'GLfloat', possible loss of data
C:\Users\saqui\source\repos\Dopa\Dopa\Source.cpp(501,70): warning C4244: 'argument': conversion from 'double' to 'GLfloat', possible loss of data
C:\Users\saqui\source\repos\Dopa\Dopa\Source.cpp(501,45): warning C4244: 'argument': conversion from 'double' to 'GLfloat', possible loss of data
C:\Users\saqui\source\repos\Dopa\Dopa\Source.cpp(501,23): warning C4244: 'argument': conversion from 'double' to 'GLfloat', possible loss of data
C:\Users\saqui\source\repos\Dopa\Dopa\Source.cpp(502,78): warning C4244: 'argument': conversion from 'double' to 'GLfloat', possible loss of data
C:\Users\saqui\source\repos\Dopa\Dopa\Source.cpp(502,49): warning C4244: 'argument': conversion from 'double' to 'GLfloat', possible loss of data
C:\Users\saqui\source\repos\Dopa\Dopa\Source.cpp(502,23): warning C4244: 'argument': conversion from 'double' to 'GLfloat', possible loss of data
C:\Users\saqui\source\repos\Dopa\Dopa\Source.cpp(503,78): warning C4244: 'argument': conversion from 'double' to 'GLfloat', possible loss of data
C:\Users\saqui\source\repos\Dopa\Dopa\Source.cpp(503,49): warning C4244: 'argument': conversion from 'double' to 'GLfloat', possible loss of data
C:\Users\saqui\source\repos\Dopa\Dopa\Source.cpp(503,23): warning C4244: 'argument': conversion from 'double' to 'GLfloat', possible loss of data
C:\Users\saqui\source\repos\Dopa\Dopa\Source.cpp(513,30): warning C4244: '=': conversion from 'double' to 'GLfloat', possible loss of data
C:\Users\saqui\source\repos\Dopa\Dopa\Source.cpp(514,61): warning C4244: 'argument': conversion from 'double' to 'GLfloat', possible loss of data
C:\Users\saqui\source\repos\Dopa\Dopa\Source.cpp(514,40): warning C4244: 'argument': conversion from 'double' to 'GLfloat', possible loss of data
C:\Users\saqui\source\repos\Dopa\Dopa\Source.cpp(514,23): warning C4244: 'argument': conversion from 'double' to 'GLfloat', possible loss of data
C:\Users\saqui\source\repos\Dopa\Dopa\Source.cpp(515,61): warning C4244: 'argument': conversion from 'double' to 'GLfloat', possible loss of data
C:\Users\saqui\source\repos\Dopa\Dopa\Source.cpp(515,40): warning C4244: 'argument': conversion from 'double' to 'GLfloat', possible loss of data
C:\Users\saqui\source\repos\Dopa\Dopa\Source.cpp(515,23): warning C4244: 'argument': conversion from 'double' to 'GLfloat', possible loss of data
C:\Users\saqui\source\repos\Dopa\Dopa\Source.cpp(516,79): warning C4244: 'argument': conversion from 'double' to 'GLfloat', possible loss of data
C:\Users\saqui\source\repos\Dopa\Dopa\Source.cpp(516,49): warning C4244: 'argument': conversion from 'double' to 'GLfloat', possible loss of data
C:\Users\saqui\source\repos\Dopa\Dopa\Source.cpp(516,23): warning C4244: 'argument': conversion from 'double' to 'GLfloat', possible loss of data
C:\Users\saqui\source\repos\Dopa\Dopa\Source.cpp(517,61): warning C4244: 'argument': conversion from 'double' to 'GLfloat', possible loss of data
C:\Users\saqui\source\repos\Dopa\Dopa\Source.cpp(517,40): warning C4244: 'argument': conversion from 'double' to 'GLfloat', possible loss of data
C:\Users\saqui\source\repos\Dopa\Dopa\Source.cpp(517,23): warning C4244: 'argument': conversion from 'double' to 'GLfloat', possible loss of data
C:\Users\saqui\source\repos\Dopa\Dopa\Source.cpp(523,27): warning C4244: '=': conversion from 'double' to 'GLfloat', possible loss of data
C:\Users\saqui\source\repos\Dopa\Dopa\Source.cpp(525,30): warning C4244: '=': conversion from 'double' to 'GLfloat', possible loss of data
C:\Users\saqui\source\repos\Dopa\Dopa\Source.cpp(527,79): warning C4244: 'argument': conversion from 'double' to 'GLfloat', possible loss of data
C:\Users\saqui\source\repos\Dopa\Dopa\Source.cpp(527,49): warning C4244: 'argument': conversion from 'double' to 'GLfloat', possible loss of data
C:\Users\saqui\source\repos\Dopa\Dopa\Source.cpp(527,23): warning C4244: 'argument': conversion from 'double' to 'GLfloat', possible loss of data
C:\Users\saqui\source\repos\Dopa\Dopa\Source.cpp(528,79): warning C4244: 'argument': conversion from 'double' to 'GLfloat', possible loss of data
C:\Users\saqui\source\repos\Dopa\Dopa\Source.cpp(528,49): warning C4244: 'argument': conversion from 'double' to 'GLfloat', possible loss of data
C:\Users\saqui\source\repos\Dopa\Dopa\Source.cpp(528,23): warning C4244: 'argument': conversion from 'double' to 'GLfloat', possible loss of data
C:\Users\saqui\source\repos\Dopa\Dopa\Source.cpp(529,71): warning C4244: 'argument': conversion from 'double' to 'GLfloat', possible loss of data
C:\Users\saqui\source\repos\Dopa\Dopa\Source.cpp(529,45): warning C4244: 'argument': conversion from 'double' to 'GLfloat', possible loss of data
C:\Users\saqui\source\repos\Dopa\Dopa\Source.cpp(529,23): warning C4244: 'argument': conversion from 'double' to 'GLfloat', possible loss of data
C:\Users\saqui\source\repos\Dopa\Dopa\Source.cpp(530,61): warning C4244: 'argument': conversion from 'double' to 'GLfloat', possible loss of data
C:\Users\saqui\source\repos\Dopa\Dopa\Source.cpp(530,40): warning C4244: 'argument': conversion from 'double' to 'GLfloat', possible loss of data
C:\Users\saqui\source\repos\Dopa\Dopa\Source.cpp(530,23): warning C4244: 'argument': conversion from 'double' to 'GLfloat', possible loss of data
C:\Users\saqui\source\repos\Dopa\Dopa\Source.cpp(538,30): warning C4244: '=': conversion from 'double' to 'GLfloat', possible loss of data
C:\Users\saqui\source\repos\Dopa\Dopa\Source.cpp(540,60): warning C4244: 'argument': conversion from 'double' to 'GLfloat', possible loss of data
C:\Users\saqui\source\repos\Dopa\Dopa\Source.cpp(540,40): warning C4244: 'argument': conversion from 'double' to 'GLfloat', possible loss of data
C:\Users\saqui\source\repos\Dopa\Dopa\Source.cpp(540,23): warning C4244: 'argument': conversion from 'double' to 'GLfloat', possible loss of data
C:\Users\saqui\source\repos\Dopa\Dopa\Source.cpp(541,61): warning C4244: 'argument': conversion from 'double' to 'GLfloat', possible loss of data
C:\Users\saqui\source\repos\Dopa\Dopa\Source.cpp(541,40): warning C4244: 'argument': conversion from 'double' to 'GLfloat', possible loss of data
C:\Users\saqui\source\repos\Dopa\Dopa\Source.cpp(541,23): warning C4244: 'argument': conversion from 'double' to 'GLfloat', possible loss of data
C:\Users\saqui\source\repos\Dopa\Dopa\Source.cpp(542,34): warning C4244: '=': conversion from 'double' to 'GLfloat', possible loss of data
C:\Users\saqui\source\repos\Dopa\Dopa\Source.cpp(543,34): warning C4244: '=': conversion from 'double' to 'GLfloat', possible loss of data
C:\Users\saqui\source\repos\Dopa\Dopa\Source.cpp(544,19): warning C4244: '=': conversion from 'double' to 'GLfloat', possible loss of data
C:\Users\saqui\source\repos\Dopa\Dopa\Source.cpp(548,70): warning C4244: 'argument': conversion from 'double' to 'GLfloat', possible loss of data
C:\Users\saqui\source\repos\Dopa\Dopa\Source.cpp(548,45): warning C4244: 'argument': conversion from 'double' to 'GLfloat', possible loss of data
C:\Users\saqui\source\repos\Dopa\Dopa\Source.cpp(548,23): warning C4244: 'argument': conversion from 'double' to 'GLfloat', possible loss of data
C:\Users\saqui\source\repos\Dopa\Dopa\Source.cpp(549,71): warning C4244: 'argument': conversion from 'double' to 'GLfloat', possible loss of data
C:\Users\saqui\source\repos\Dopa\Dopa\Source.cpp(549,45): warning C4244: 'argument': conversion from 'double' to 'GLfloat', possible loss of data
C:\Users\saqui\source\repos\Dopa\Dopa\Source.cpp(549,23): warning C4244: 'argument': conversion from 'double' to 'GLfloat', possible loss of data
C:\Users\saqui\source\repos\Dopa\Dopa\Source.cpp(550,35): warning C4244: 'argument': conversion from 'double' to 'GLfloat', possible loss of data
C:\Users\saqui\source\repos\Dopa\Dopa\Source.cpp(550,23): warning C4244: 'argument': conversion from 'double' to 'GLfloat', possible loss of data
C:\Users\saqui\source\repos\Dopa\Dopa\Source.cpp(551,78): warning C4244: 'argument': conversion from 'double' to 'GLfloat', possible loss of data
C:\Users\saqui\source\repos\Dopa\Dopa\Source.cpp(551,49): warning C4244: 'argument': conversion from 'double' to 'GLfloat', possible loss of data
C:\Users\saqui\source\repos\Dopa\Dopa\Source.cpp(551,23): warning C4244: 'argument': conversion from 'double' to 'GLfloat', possible loss of data
C:\Users\saqui\source\repos\Dopa\Dopa\Source.cpp(552,79): warning C4244: 'argument': conversion from 'double' to 'GLfloat', possible loss of data
C:\Users\saqui\source\repos\Dopa\Dopa\Source.cpp(552,49): warning C4244: 'argument': conversion from 'double' to 'GLfloat', possible loss of data
C:\Users\saqui\source\repos\Dopa\Dopa\Source.cpp(552,23): warning C4244: 'argument': conversion from 'double' to 'GLfloat', possible loss of data
C:\Users\saqui\source\repos\Dopa\Dopa\Source.cpp(553,38): warning C4244: '=': conversion from 'double' to 'GLfloat', possible loss of data
C:\Users\saqui\source\repos\Dopa\Dopa\Source.cpp(554,38): warning C4244: '=': conversion from 'double' to 'GLfloat', possible loss of data
C:\Users\saqui\source\repos\Dopa\Dopa\Source.cpp(556,78): warning C4244: 'argument': conversion from 'double' to 'GLfloat', possible loss of data
C:\Users\saqui\source\repos\Dopa\Dopa\Source.cpp(556,49): warning C4244: 'argument': conversion from 'double' to 'GLfloat', possible loss of data
C:\Users\saqui\source\repos\Dopa\Dopa\Source.cpp(556,23): warning C4244: 'argument': conversion from 'double' to 'GLfloat', possible loss of data
C:\Users\saqui\source\repos\Dopa\Dopa\Source.cpp(557,79): warning C4244: 'argument': conversion from 'double' to 'GLfloat', possible loss of data
C:\Users\saqui\source\repos\Dopa\Dopa\Source.cpp(557,49): warning C4244: 'argument': conversion from 'double' to 'GLfloat', possible loss of data
C:\Users\saqui\source\repos\Dopa\Dopa\Source.cpp(557,23): warning C4244: 'argument': conversion from 'double' to 'GLfloat', possible loss of data
C:\Users\saqui\source\repos\Dopa\Dopa\Source.cpp(558,35): warning C4244: 'argument': conversion from 'double' to 'GLfloat', possible loss of data
C:\Users\saqui\source\repos\Dopa\Dopa\Source.cpp(558,23): warning C4244: 'argument': conversion from 'double' to 'GLfloat', possible loss of data
C:\Users\saqui\source\repos\Dopa\Dopa\Source.cpp(561,52): warning C4244: 'argument': conversion from 'double' to 'GLfloat', possible loss of data
C:\Users\saqui\source\repos\Dopa\Dopa\Source.cpp(561,34): warning C4244: 'argument': conversion from 'double' to 'GLfloat', possible loss of data
C:\Users\saqui\source\repos\Dopa\Dopa\Source.cpp(561,19): warning C4244: 'argument': conversion from 'double' to 'GLfloat', possible loss of data
C:\Users\saqui\source\repos\Dopa\Dopa\Source.cpp(562,53): warning C4244: 'argument': conversion from 'double' to 'GLfloat', possible loss of data
C:\Users\saqui\source\repos\Dopa\Dopa\Source.cpp(562,34): warning C4244: 'argument': conversion from 'double' to 'GLfloat', possible loss of data
C:\Users\saqui\source\repos\Dopa\Dopa\Source.cpp(562,19): warning C4244: 'argument': conversion from 'double' to 'GLfloat', possible loss of data
C:\Users\saqui\source\repos\Dopa\Dopa\Source.cpp(572,30): warning C4244: '=': conversion from 'double' to 'GLfloat', possible loss of data
C:\Users\saqui\source\repos\Dopa\Dopa\Source.cpp(573,33): warning C4244: 'argument': conversion from 'double' to 'GLfloat', possible loss of data
C:\Users\saqui\source\repos\Dopa\Dopa\Source.cpp(573,20): warning C4244: 'argument': conversion from 'double' to 'GLfloat', possible loss of data
C:\Users\saqui\source\repos\Dopa\Dopa\Source.cpp(574,61): warning C4244: 'argument': conversion from 'double' to 'GLfloat', possible loss of data
C:\Users\saqui\source\repos\Dopa\Dopa\Source.cpp(574,40): warning C4244: 'argument': conversion from 'double' to 'GLfloat', possible loss of data
C:\Users\saqui\source\repos\Dopa\Dopa\Source.cpp(574,23): warning C4244: 'argument': conversion from 'double' to 'GLfloat', possible loss of data
C:\Users\saqui\source\repos\Dopa\Dopa\Source.cpp(575,60): warning C4244: 'argument': conversion from 'double' to 'GLfloat', possible loss of data
C:\Users\saqui\source\repos\Dopa\Dopa\Source.cpp(575,40): warning C4244: 'argument': conversion from 'double' to 'GLfloat', possible loss of data
C:\Users\saqui\source\repos\Dopa\Dopa\Source.cpp(575,23): warning C4244: 'argument': conversion from 'double' to 'GLfloat', possible loss of data
C:\Users\saqui\source\repos\Dopa\Dopa\Source.cpp(786,21): warning C4244: 'argument': conversion from 'int' to 'GLfloat', possible loss of data
C:\Users\saqui\source\repos\Dopa\Dopa\Source.cpp(912,23): warning C4244: 'return': conversion from 'double' to 'GLfloat', possible loss of data
C:\Users\saqui\source\repos\Dopa\Dopa\Source.cpp(922,19): warning C4244: 'return': conversion from 'double' to 'GLfloat', possible loss of data
C:\Users\saqui\source\repos\Dopa\Dopa\Source.cpp(1075,23): warning C4244: '+=': conversion from 'double' to 'GLfloat', possible loss of data
C:\Users\saqui\source\repos\Dopa\Dopa\Source.cpp(1076,23): warning C4244: '+=': conversion from 'double' to 'GLfloat', possible loss of data
C:\Users\saqui\source\repos\Dopa\Dopa\Source.cpp(1078,27): warning C4244: '+=': conversion from 'double' to 'GLfloat', possible loss of data
  Dopa.vcxproj -> C:\Users\saqui\source\repos\Dopa\x64\Debug\Dopa.exe
